[    9306ms] [ERROR] ./src/lib/prompts/generation.tsx:21:200
Parsing ecmascript source code failed
  19 |
  20 | * **Color palette**: Do not default to slate/gray backgrounds with blue accents. Pick a deliberate, distinctive palette — warm neutrals, unexpected accent colors, earthy tones, muted pastels, deep jewel tones, or high-contrast monochrome. Let the palette feel chosen, not defaulted.
> 21 | * **Typography**: Use varied font weights, sizes, and tracking to create visual hierarchy and personality. Combine large display text with fine detail text. Avoid plain `text-xl font-bold text-white` headings with no further treatment.
     |                                                                                                                                                                                                        ^^^^^^^^^^^^^^^^^^^^^^^^^^^^^^^^^^^^
> 22 | * **Buttons**: Style CTAs with character — pill shapes, ghost/outline styles, offset shadows, or interesting hover transitions. Never default to a flat full-width `bg-blue-600 hover:bg-blue-700` button.
     | ^^^^^^^^^^^^^^^^^^^^^^^^^^^^^^^^^^^^^^^^^^^^^^^^^^^^^^^^^^^^^^^^^^^^^^^^^^^^^^^^^^^^^^^^^^^^^^^^^^^^^^^^^^^^^^^^^^^^^^^^^^^^^^^^^^^^^^^^^^^^^^^^^^^^^^^^^^^^^^^^^^^^^^
  23 | * **Layout**: Avoid the standard symmetric grid of identical cards. Try asymmetric layouts, offset elements, overlapping layers, or feature-forward compositions that break the expected pattern.
  24 | * **Backgrounds**: Go beyond plain dark or white backgrounds — use subtle gradients, noise textures (via inline SVG or CSS), geometric shapes, or tinted surfaces to give depth.
  25 | * **Details**: Small touches matter — custom dividers, creative use of borders, subtle shadows, ring effects used intentionally, or micro-interactions on hover.

Expression expected @ http://localhost:3000/_next/static/chunks/node_modules_next_dist_client_8f19e6fb._.js:1225
[   10419ms] [ERROR] ./src/lib/prompts/generation.tsx:21:200
Parsing ecmascript source code failed
  19 |
  20 | * **Color palette**: Do not default to slate/gray backgrounds with blue accents. Pick a deliberate, distinctive palette — warm neutrals, unexpected accent colors, earthy tones, muted pastels, deep jewel tones, or high-contrast monochrome. Let the palette feel chosen, not defaulted.
> 21 | * **Typography**: Use varied font weights, sizes, and tracking to create visual hierarchy and personality. Combine large display text with fine detail text. Avoid plain `text-xl font-bold text-white` headings with no further treatment.
     |                                                                                                                                                                                                        ^^^^^^^^^^^^^^^^^^^^^^^^^^^^^^^^^^^^
> 22 | * **Buttons**: Style CTAs with character — pill shapes, ghost/outline styles, offset shadows, or interesting hover transitions. Never default to a flat full-width `bg-blue-600 hover:bg-blue-700` button.
     | ^^^^^^^^^^^^^^^^^^^^^^^^^^^^^^^^^^^^^^^^^^^^^^^^^^^^^^^^^^^^^^^^^^^^^^^^^^^^^^^^^^^^^^^^^^^^^^^^^^^^^^^^^^^^^^^^^^^^^^^^^^^^^^^^^^^^^^^^^^^^^^^^^^^^^^^^^^^^^^^^^^^^^^
  23 | * **Layout**: Avoid the standard symmetric grid of identical cards. Try asymmetric layouts, offset elements, overlapping layers, or feature-forward compositions that break the expected pattern.
  24 | * **Backgrounds**: Go beyond plain dark or white backgrounds — use subtle gradients, noise textures (via inline SVG or CSS), geometric shapes, or tinted surfaces to give depth.
  25 | * **Details**: Small touches matter — custom dividers, creative use of borders, subtle shadows, ring effects used intentionally, or micro-interactions on hover.

Expression expected @ http://localhost:3000/_next/static/chunks/node_modules_next_dist_client_8f19e6fb._.js:1225
[   10567ms] [ERROR] ./src/lib/prompts/generation.tsx:21:200
Parsing ecmascript source code failed
  19 |
  20 | * **Color palette**: Do not default to slate/gray backgrounds with blue accents. Pick a deliberate, distinctive palette — warm neutrals, unexpected accent colors, earthy tones, muted pastels, deep jewel tones, or high-contrast monochrome. Let the palette feel chosen, not defaulted.
> 21 | * **Typography**: Use varied font weights, sizes, and tracking to create visual hierarchy and personality. Combine large display text with fine detail text. Avoid plain `text-xl font-bold text-white` headings with no further treatment.
     |                                                                                                                                                                                                        ^^^^^^^^^^^^^^^^^^^^^^^^^^^^^^^^^^^^
> 22 | * **Buttons**: Style CTAs with character — pill shapes, ghost/outline styles, offset shadows, or interesting hover transitions. Never default to a flat full-width `bg-blue-600 hover:bg-blue-700` button.
     | ^^^^^^^^^^^^^^^^^^^^^^^^^^^^^^^^^^^^^^^^^^^^^^^^^^^^^^^^^^^^^^^^^^^^^^^^^^^^^^^^^^^^^^^^^^^^^^^^^^^^^^^^^^^^^^^^^^^^^^^^^^^^^^^^^^^^^^^^^^^^^^^^^^^^^^^^^^^^^^^^^^^^^^
  23 | * **Layout**: Avoid the standard symmetric grid of identical cards. Try asymmetric layouts, offset elements, overlapping layers, or feature-forward compositions that break the expected pattern.
  24 | * **Backgrounds**: Go beyond plain dark or white backgrounds — use subtle gradients, noise textures (via inline SVG or CSS), geometric shapes, or tinted surfaces to give depth.
  25 | * **Details**: Small touches matter — custom dividers, creative use of borders, subtle shadows, ring effects used intentionally, or micro-interactions on hover.

Expression expected @ http://localhost:3000/_next/static/chunks/node_modules_next_dist_client_8f19e6fb._.js:1225
[   11061ms] [ERROR] ./src/lib/prompts/generation.tsx:21:200
Parsing ecmascript source code failed
  19 |
  20 | * **Color palette**: Do not default to slate/gray backgrounds with blue accents. Pick a deliberate, distinctive palette — warm neutrals, unexpected accent colors, earthy tones, muted pastels, deep jewel tones, or high-contrast monochrome. Let the palette feel chosen, not defaulted.
> 21 | * **Typography**: Use varied font weights, sizes, and tracking to create visual hierarchy and personality. Combine large display text with fine detail text. Avoid plain `text-xl font-bold text-white` headings with no further treatment.
     |                                                                                                                                                                                                        ^^^^^^^^^^^^^^^^^^^^^^^^^^^^^^^^^^^^
> 22 | * **Buttons**: Style CTAs with character — pill shapes, ghost/outline styles, offset shadows, or interesting hover transitions. Never default to a flat full-width `bg-blue-600 hover:bg-blue-700` button.
     | ^^^^^^^^^^^^^^^^^^^^^^^^^^^^^^^^^^^^^^^^^^^^^^^^^^^^^^^^^^^^^^^^^^^^^^^^^^^^^^^^^^^^^^^^^^^^^^^^^^^^^^^^^^^^^^^^^^^^^^^^^^^^^^^^^^^^^^^^^^^^^^^^^^^^^^^^^^^^^^^^^^^^^^
  23 | * **Layout**: Avoid the standard symmetric grid of identical cards. Try asymmetric layouts, offset elements, overlapping layers, or feature-forward compositions that break the expected pattern.
  24 | * **Backgrounds**: Go beyond plain dark or white backgrounds — use subtle gradients, noise textures (via inline SVG or CSS), geometric shapes, or tinted surfaces to give depth.
  25 | * **Details**: Small touches matter — custom dividers, creative use of borders, subtle shadows, ring effects used intentionally, or micro-interactions on hover.

Expression expected @ http://localhost:3000/_next/static/chunks/node_modules_next_dist_client_8f19e6fb._.js:1225
[   11400ms] [ERROR] Failed to load resource: the server responded with a status of 500 (Internal Server Error) @ http://localhost:3000/api/chat:0
[   11403ms] [ERROR] ./src/lib/prompts/generation.tsx:21:200
Parsing ecmascript source code failed
  19 |
  20 | * **Color palette**: Do not default to slate/gray backgrounds with blue accents. Pick a deliberate, distinctive palette — warm neutrals, unexpected accent colors, earthy tones, muted pastels, deep jewel tones, or high-contrast monochrome. Let the palette feel chosen, not defaulted.
> 21 | * **Typography**: Use varied font weights, sizes, and tracking to create visual hierarchy and personality. Combine large display text with fine detail text. Avoid plain `text-xl font-bold text-white` headings with no further treatment.
     |                                                                                                                                                                                                        ^^^^^^^^^^^^^^^^^^^^^^^^^^^^^^^^^^^^
> 22 | * **Buttons**: Style CTAs with character — pill shapes, ghost/outline styles, offset shadows, or interesting hover transitions. Never default to a flat full-width `bg-blue-600 hover:bg-blue-700` button.
     | ^^^^^^^^^^^^^^^^^^^^^^^^^^^^^^^^^^^^^^^^^^^^^^^^^^^^^^^^^^^^^^^^^^^^^^^^^^^^^^^^^^^^^^^^^^^^^^^^^^^^^^^^^^^^^^^^^^^^^^^^^^^^^^^^^^^^^^^^^^^^^^^^^^^^^^^^^^^^^^^^^^^^^^
  23 | * **Layout**: Avoid the standard symmetric grid of identical cards. Try asymmetric layouts, offset elements, overlapping layers, or feature-forward compositions that break the expected pattern.
  24 | * **Backgrounds**: Go beyond plain dark or white backgrounds — use subtle gradients, noise textures (via inline SVG or CSS), geometric shapes, or tinted surfaces to give depth.
  25 | * **Details**: Small touches matter — custom dividers, creative use of borders, subtle shadows, ring effects used intentionally, or micro-interactions on hover.

Expression expected @ http://localhost:3000/_next/static/chunks/node_modules_next_dist_client_8f19e6fb._.js:1225
[   24869ms] [ERROR] ./src/lib/prompts/generation.tsx:21:200
Parsing ecmascript source code failed
  19 |
  20 | * **Color palette**: Do not default to slate/gray backgrounds with blue accents. Pick a deliberate, distinctive palette — warm neutrals, unexpected accent colors, earthy tones, muted pastels, deep jewel tones, or high-contrast monochrome. Let the palette feel chosen, not defaulted.
> 21 | * **Typography**: Use varied font weights, sizes, and tracking to create visual hierarchy and personality. Combine large display text with fine detail text. Avoid plain `text-xl font-bold text-white` headings with no further treatment.
     |                                                                                                                                                                                                        ^^^^^^^^^^^^^^^^^^^^^^^^^^^^^^^^^^^^
> 22 | * **Buttons**: Style CTAs with character — pill shapes, ghost/outline styles, offset shadows, or interesting hover transitions. Never default to a flat full-width `bg-blue-600 hover:bg-blue-700` button.
     | ^^^^^^^^^^^^^^^^^^^^^^^^^^^^^^^^^^^^^^^^^^^^^^^^^^^^^^^^^^^^^^^^^^^^^^^^^^^^^^^^^^^^^^^^^^^^^^^^^^^^^^^^^^^^^^^^^^^^^^^^^^^^^^^^^^^^^^^^^^^^^^^^^^^^^^^^^^^^^^^^^^^^^^
  23 | * **Layout**: Avoid the standard symmetric grid of identical cards. Try asymmetric layouts, offset elements, overlapping layers, or feature-forward compositions that break the expected pattern.
  24 | * **Backgrounds**: Go beyond plain dark or white backgrounds — use subtle gradients, noise textures (via inline SVG or CSS), geometric shapes, or tinted surfaces to give depth.
  25 | * **Details**: Small touches matter — custom dividers, creative use of borders, subtle shadows, ring effects used intentionally, or micro-interactions on hover.

Expression expected @ http://localhost:3000/_next/static/chunks/node_modules_next_dist_client_8f19e6fb._.js:1225
